This is pdfTeX, Version 3.141592653-2.6-1.40.27 (TeX Live 2025) (preloaded format=pdflatex 2025.8.16)  23 OCT 2025 23:31
entering extended mode
 restricted \write18 enabled.
 %&-line parsing enabled.
**cogni_map_workshop.tex
(./cogni_map_workshop.tex
LaTeX2e <2024-11-01> patch level 2
L3 programming layer <2025-01-18>
(/usr/local/texlive/2025/texmf-dist/tex/latex/base/article.cls
Document Class: article 2024/06/29 v1.4n Standard LaTeX document class
(/usr/local/texlive/2025/texmf-dist/tex/latex/base/size10.clo
File: size10.clo 2024/06/29 v1.4n Standard LaTeX file (size option)
)
\c@part=\count196
\c@section=\count197
\c@subsection=\count198
\c@subsubsection=\count199
\c@paragraph=\count266
\c@subparagraph=\count267
\c@figure=\count268
\c@table=\count269
\abovecaptionskip=\skip49
\belowcaptionskip=\skip50
\bibindent=\dimen141
) (./aaai2026.sty
Package: aaai2026 2026/04/29 AAAI 2026 Submission format
Conference Style for AAAI for LaTeX 2e -- version for submission
\titlebox=\skip51
) (/usr/local/texlive/2025/texmf-dist/tex/latex/psnfss/times.sty
Package: times 2020/03/25 PSNFSS-v9.3 (SPQR) 
)
(/usr/local/texlive/2025/texmf-dist/tex/latex/psnfss/helvet.sty
Package: helvet 2020/03/25 PSNFSS-v9.3 (WaS) 

(/usr/local/texlive/2025/texmf-dist/tex/latex/graphics/keyval.sty
Package: keyval 2022/05/29 v1.15 key=value parser (DPC)
\KV@toks@=\toks17
))
(/usr/local/texlive/2025/texmf-dist/tex/latex/psnfss/courier.sty
Package: courier 2020/03/25 PSNFSS-v9.3 (WaS) 
)
(/usr/local/texlive/2025/texmf-dist/tex/latex/url/url.sty
\Urlmuskip=\muskip17
Package: url 2013/09/16  ver 3.4  Verb mode for urls, etc.
)
(/usr/local/texlive/2025/texmf-dist/tex/latex/graphics/graphicx.sty
Package: graphicx 2021/09/16 v1.2d Enhanced LaTeX Graphics (DPC,SPQR)

(/usr/local/texlive/2025/texmf-dist/tex/latex/graphics/graphics.sty
Package: graphics 2024/08/06 v1.4g Standard LaTeX Graphics (DPC,SPQR)

(/usr/local/texlive/2025/texmf-dist/tex/latex/graphics/trig.sty
Package: trig 2023/12/02 v1.11 sin cos tan (DPC)
)
(/usr/local/texlive/2025/texmf-dist/tex/latex/graphics-cfg/graphics.cfg
File: graphics.cfg 2016/06/04 v1.11 sample graphics configuration
)
Package graphics Info: Driver file: pdftex.def on input line 106.

(/usr/local/texlive/2025/texmf-dist/tex/latex/graphics-def/pdftex.def
File: pdftex.def 2024/04/13 v1.2c Graphics/color driver for pdftex
))
\Gin@req@height=\dimen142
\Gin@req@width=\dimen143
)
(/usr/local/texlive/2025/texmf-dist/tex/latex/natbib/natbib.sty
Package: natbib 2010/09/13 8.31b (PWD, AO)
\bibhang=\skip52
\bibsep=\skip53
LaTeX Info: Redefining \cite on input line 694.
\c@NAT@ctr=\count270
)
(/usr/local/texlive/2025/texmf-dist/tex/latex/caption/caption.sty
Package: caption 2023/08/05 v3.6o Customizing captions (AR)

(/usr/local/texlive/2025/texmf-dist/tex/latex/caption/caption3.sty
Package: caption3 2023/07/31 v2.4d caption3 kernel (AR)
\caption@tempdima=\dimen144
\captionmargin=\dimen145
\caption@leftmargin=\dimen146
\caption@rightmargin=\dimen147
\caption@width=\dimen148
\caption@indent=\dimen149
\caption@parindent=\dimen150
\caption@hangindent=\dimen151
Package caption Info: Standard document class detected.
)
\c@caption@flags=\count271
\c@continuedfloat=\count272
)
(/usr/local/texlive/2025/texmf-dist/tex/latex/amsmath/amsmath.sty
Package: amsmath 2024/11/05 v2.17t AMS math features
\@mathmargin=\skip54

For additional information on amsmath, use the `?' option.
(/usr/local/texlive/2025/texmf-dist/tex/latex/amsmath/amstext.sty
Package: amstext 2021/08/26 v2.01 AMS text

(/usr/local/texlive/2025/texmf-dist/tex/latex/amsmath/amsgen.sty
File: amsgen.sty 1999/11/30 v2.0 generic functions
\@emptytoks=\toks18
\ex@=\dimen152
))
(/usr/local/texlive/2025/texmf-dist/tex/latex/amsmath/amsbsy.sty
Package: amsbsy 1999/11/29 v1.2d Bold Symbols
\pmbraise@=\dimen153
)
(/usr/local/texlive/2025/texmf-dist/tex/latex/amsmath/amsopn.sty
Package: amsopn 2022/04/08 v2.04 operator names
)
\inf@bad=\count273
LaTeX Info: Redefining \frac on input line 233.
\uproot@=\count274
\leftroot@=\count275
LaTeX Info: Redefining \overline on input line 398.
LaTeX Info: Redefining \colon on input line 409.
\classnum@=\count276
\DOTSCASE@=\count277
LaTeX Info: Redefining \ldots on input line 495.
LaTeX Info: Redefining \dots on input line 498.
LaTeX Info: Redefining \cdots on input line 619.
\Mathstrutbox@=\box52
\strutbox@=\box53
LaTeX Info: Redefining \big on input line 721.
LaTeX Info: Redefining \Big on input line 722.
LaTeX Info: Redefining \bigg on input line 723.
LaTeX Info: Redefining \Bigg on input line 724.
\big@size=\dimen154
LaTeX Font Info:    Redeclaring font encoding OML on input line 742.
LaTeX Font Info:    Redeclaring font encoding OMS on input line 743.
\macc@depth=\count278
LaTeX Info: Redefining \bmod on input line 904.
LaTeX Info: Redefining \pmod on input line 909.
LaTeX Info: Redefining \smash on input line 939.
LaTeX Info: Redefining \relbar on input line 969.
LaTeX Info: Redefining \Relbar on input line 970.
\c@MaxMatrixCols=\count279
\dotsspace@=\muskip18
\c@parentequation=\count280
\dspbrk@lvl=\count281
\tag@help=\toks19
\row@=\count282
\column@=\count283
\maxfields@=\count284
\andhelp@=\toks20
\eqnshift@=\dimen155
\alignsep@=\dimen156
\tagshift@=\dimen157
\tagwidth@=\dimen158
\totwidth@=\dimen159
\lineht@=\dimen160
\@envbody=\toks21
\multlinegap=\skip55
\multlinetaggap=\skip56
\mathdisplay@stack=\toks22
LaTeX Info: Redefining \[ on input line 2953.
LaTeX Info: Redefining \] on input line 2954.
)
(/usr/local/texlive/2025/texmf-dist/tex/latex/amsfonts/amssymb.sty
Package: amssymb 2013/01/14 v3.01 AMS font symbols

(/usr/local/texlive/2025/texmf-dist/tex/latex/amsfonts/amsfonts.sty
Package: amsfonts 2013/01/14 v3.01 Basic AMSFonts support
\symAMSa=\mathgroup4
\symAMSb=\mathgroup5
LaTeX Font Info:    Redeclaring math symbol \hbar on input line 98.
LaTeX Font Info:    Overwriting math alphabet `\mathfrak' in version `bold'
(Font)                  U/euf/m/n --> U/euf/b/n on input line 106.
))
LaTeX Font Info:    Trying to load font information for OT1+ptm on input line 3
6.

(/usr/local/texlive/2025/texmf-dist/tex/latex/psnfss/ot1ptm.fd
File: ot1ptm.fd 2001/06/04 font definitions for OT1/ptm.
)
(/usr/local/texlive/2025/texmf-dist/tex/latex/l3backend/l3backend-pdftex.def
File: l3backend-pdftex.def 2024-05-08 L3 backend support: PDF output (pdfTeX)
\l__color_backend_stack_int=\count285
\l__pdf_internal_box=\box54
)
(./cogni_map_workshop.aux)
\openout1 = `cogni_map_workshop.aux'.

LaTeX Font Info:    Checking defaults for OML/cmm/m/it on input line 36.
LaTeX Font Info:    ... okay on input line 36.
LaTeX Font Info:    Checking defaults for OMS/cmsy/m/n on input line 36.
LaTeX Font Info:    ... okay on input line 36.
LaTeX Font Info:    Checking defaults for OT1/cmr/m/n on input line 36.
LaTeX Font Info:    ... okay on input line 36.
LaTeX Font Info:    Checking defaults for T1/cmr/m/n on input line 36.
LaTeX Font Info:    ... okay on input line 36.
LaTeX Font Info:    Checking defaults for TS1/cmr/m/n on input line 36.
LaTeX Font Info:    ... okay on input line 36.
LaTeX Font Info:    Checking defaults for OMX/cmex/m/n on input line 36.
LaTeX Font Info:    ... okay on input line 36.
LaTeX Font Info:    Checking defaults for U/cmr/m/n on input line 36.
LaTeX Font Info:    ... okay on input line 36.

(/usr/local/texlive/2025/texmf-dist/tex/context/base/mkii/supp-pdf.mkii
[Loading MPS to PDF converter (version 2006.09.02).]
\scratchcounter=\count286
\scratchdimen=\dimen161
\scratchbox=\box55
\nofMPsegments=\count287
\nofMParguments=\count288
\everyMPshowfont=\toks23
\MPscratchCnt=\count289
\MPscratchDim=\dimen162
\MPnumerator=\count290
\makeMPintoPDFobject=\count291
\everyMPtoPDFconversion=\toks24
) (/usr/local/texlive/2025/texmf-dist/tex/latex/epstopdf-pkg/epstopdf-base.sty
Package: epstopdf-base 2020-01-24 v2.11 Base part for package epstopdf
Package epstopdf-base Info: Redefining graphics rule for `.eps' on input line 4
85.

(/usr/local/texlive/2025/texmf-dist/tex/latex/latexconfig/epstopdf-sys.cfg
File: epstopdf-sys.cfg 2010/07/13 v1.3 Configuration of (r)epstopdf for TeX Liv
e
))
Package caption Info: Begin \AtBeginDocument code.
Package caption Info: End \AtBeginDocument code.
\c@eqfn=\count292
\titlearea=\box56
\actualheight=\skip57
LaTeX Font Info:    Trying to load font information for TS1+ptm on input line 3
8.

(/usr/local/texlive/2025/texmf-dist/tex/latex/psnfss/ts1ptm.fd
File: ts1ptm.fd 2001/06/04 font definitions for TS1/ptm.
)


Underfull \hbox (badness 1286) in paragraph at lines 58--59
\OT1/ptm/m/n/10 tions: di-ver-gent[]thinking, re-fram-ing, ana-log-i-cal[]think
ing,
 []

LaTeX Font Info:    Trying to load font information for OT1+pcr on input line 6
5.
(/usr/local/texlive/2025/texmf-dist/tex/latex/psnfss/ot1pcr.fd
File: ot1pcr.fd 2001/06/04 font definitions for OT1/pcr.
)
LaTeX Font Info:    Trying to load font information for OMS+pcr on input line 6
5.

(/usr/local/texlive/2025/texmf-dist/tex/latex/psnfss/omspcr.fd
File: omspcr.fd 
)
LaTeX Font Info:    Font shape `OMS/pcr/m/n' in size <10> not available
(Font)              Font shape `OMS/cmsy/m/n' tried instead on input line 65.

Underfull \hbox (badness 10000) in paragraph at lines 64--66
\OT1/pcr/m/n/10 augmented[]text = f"\OMS/cmsy/m/n/10 f\OT1/pcr/m/n/10 text\OMS/
cmsy/m/n/10 gn\OT1/pcr/m/n/10 n\OMS/cmsy/m/n/10 n\OT1/pcr/m/n/10 nThe
 []


Underfull \hbox (badness 10000) in paragraph at lines 64--66
\OT1/pcr/m/n/10 cognitive action being demonstrated
 []


Underfull \hbox (badness 10000) in paragraph at lines 67--69
\OT1/pcr/m/n/10 augmented[]text = f"\OMS/cmsy/m/n/10 f\OT1/pcr/m/n/10 text\OMS/
cmsy/m/n/10 gn\OT1/pcr/m/n/10 n\OMS/cmsy/m/n/10 n\OT1/pcr/m/n/10 nThe
 []



[1{/usr/local/texlive/2025/texmf-var/fonts/map/pdftex/updmap/pdftex.map}{/usr/l
ocal/texlive/2025/texmf-dist/fonts/enc/dvips/base/8r.enc}



]
Overfull \hbox (9.00534pt too wide) in paragraph at lines 78--78
[]            \OT1/pcr/m/n/9 layers[layer_idx].output[0].save()[] 
 []

LaTeX Font Info:    Trying to load font information for U+msa on input line 83.

(/usr/local/texlive/2025/texmf-dist/tex/latex/amsfonts/umsa.fd
File: umsa.fd 2013/01/14 v3.01 AMS symbols A
)
LaTeX Font Info:    Trying to load font information for U+msb on input line 83.


(/usr/local/texlive/2025/texmf-dist/tex/latex/amsfonts/umsb.fd
File: umsb.fd 2013/01/14 v3.01 AMS symbols B
)
Underfull \hbox (badness 10000) in paragraph at lines 85--86
[]\OT1/ptm/b/n/10 Training de-tails: \OT1/ptm/m/n/10 AdamW op-ti-mizer (lr=5e-4
,
 []


Underfull \hbox (badness 4378) in paragraph at lines 85--86
\OT1/ptm/m/n/10 weight[]decay=1e-3), co-sine an-neal-ing sched-uler, early
 []


Underfull \hbox (badness 10000) in paragraph at lines 102--103
[]\OT1/ptm/b/n/10 Challenging ac-tions: \OT1/ptm/m/n/10 Emo-tion[]Responding (0
.778
 []




Underfull \hbox (badness 2744) in paragraph at lines 134--135
[]\OT1/ptm/b/n/10 Future di-rec-tions: \OT1/ptm/m/n/10 (1) Ex-tend-ing to large
r mod-els
 []



[2] (./cogni_map_workshop.bbl
Underfull \hbox (badness 3260) in paragraph at lines 16--21
[]\OT1/ptm/m/n/10 Chen, Y.; Wu, A.; De-Podesta, T.; Yeh, C.; Li, K.;
 []

)
<../data/cognitive_probe_performance_by_layer.png, id=18, 1149.093pt x 866.2764
pt>
File: ../data/cognitive_probe_performance_by_layer.png Graphic file (type png)
<use ../data/cognitive_probe_performance_by_layer.png>
Package pdftex.def Info: ../data/cognitive_probe_performance_by_layer.png  used
 on input line 152.
(pdftex.def)             Requested size: 505.89pt x 381.38751pt.

Underfull \hbox (badness 1810) in paragraph at lines 157--158
\OT1/ptm/m/n/10 tions (meta[]awareness, self[]questioning) peak at lay-ers
 []



<../data/best_worst_actions.png, id=20, 1437.9321pt x 569.9694pt>
File: ../data/best_worst_actions.png Graphic file (type png)
<use ../data/best_worst_actions.png>
Package pdftex.def Info: ../data/best_worst_actions.png  used on input line 161
.
(pdftex.def)             Requested size: 505.89pt x 200.52722pt.

Underfull \hbox (badness 1067) in paragraph at lines 170--171
[]\OT1/ptm/m/n/10 Figure 3[] shows the cog-ni-tive ac-tion com-par-i-son be-
 []


Underfull \hbox (badness 1383) in paragraph at lines 170--171
\OT1/ptm/m/n/10 panel re-veals stark dif-fer-ences in cog-ni-tive ac-tion fre-
 []


Underfull \hbox (badness 1496) in paragraph at lines 170--171
\OT1/ptm/m/n/10 quen-cies: the ther-a-pist's top-5 ac-tions are Dis-tin-guish-
 []

<../Keep_viz/rogers_kathy_comparison.png, id=21, 1437.9321pt x 1264.2432pt>
File: ../Keep_viz/rogers_kathy_comparison.png Graphic file (type png)
<use ../Keep_viz/rogers_kathy_comparison.png>
Package pdftex.def Info: ../Keep_viz/rogers_kathy_comparison.png  used on input
 line 174.
(pdftex.def)             Requested size: 505.89pt x 444.78735pt.

Underfull \hbox (badness 1019) in paragraph at lines 179--180
\OT1/ptm/m/n/10 as-so-ciate with pos-i-tive sen-ti-ment, while crit-i-cal ac-ti
ons
 []


Underfull \hbox (badness 2269) in paragraph at lines 181--182
[]\OT1/ptm/b/n/10 Clinical In-sights: \OT1/ptm/m/n/10 The de-tected pat-terns a
lign with
 []


Underfull \hbox (badness 1033) in paragraph at lines 181--182
\OT1/ptm/m/n/10 Rogers' the-o-ret-i-cal frame-work where ther-a-pists pro-vide
 []


Underfull \hbox (badness 1038) in paragraph at lines 185--186
\OT1/ptm/m/n/10 Our sen-ti-ment re-gres-sion probes achieve strong per-for-
 []

<../data/sentiment_probe_performance.png, id=22, 1148.8521pt x 866.2764pt>
File: ../data/sentiment_probe_performance.png Graphic file (type png)
<use ../data/sentiment_probe_performance.png>
Package pdftex.def Info: ../data/sentiment_probe_performance.png  used on input
 line 189.
(pdftex.def)             Requested size: 505.89pt x 381.4536pt.


[3]
Underfull \hbox (badness 1681) in paragraph at lines 202--203
[]\OT1/ptm/b/n/10 Interactive nav-i-ga-tion: \OT1/ptm/m/n/10 Ar-row keys to ex-
plore the
 []

<../data/TUI_example.png, id=26, 1375.1375pt x 979.66pt>
File: ../data/TUI_example.png Graphic file (type png)
<use ../data/TUI_example.png>
Package pdftex.def Info: ../data/TUI_example.png  used on input line 207.
(pdftex.def)             Requested size: 455.2979pt x 324.35014pt.



Underfull \hbox (badness 10000) in paragraph at lines 222--223
[]\OT1/ptm/b/n/10 Code avail-abil-ity: \OT1/ptm/m/n/10 Full source code,
 []


Underfull \hbox (badness 10000) in paragraph at lines 222--223
\OT1/ptm/m/n/10 trained probes, and datasets avail-able at:
 []



[4 <../data/cognitive_probe_performance_by_layer.png>] [5 <../data/best_worst_a
ctions.png>] [6 <../Keep_viz/rogers_kathy_comparison.png>] [7 <../data/sentimen
t_probe_performance.png>] [8 <../data/TUI_example.png>]
(./cogni_map_workshop.aux)
 ***********
LaTeX2e <2024-11-01> patch level 2
L3 programming layer <2025-01-18>
 ***********
 ) 
Here is how much of TeX's memory you used:
 4633 strings out of 473190
 74891 string characters out of 5715800
 479236 words of memory out of 5000000
 27842 multiletter control sequences out of 15000+600000
 576757 words of font info for 69 fonts, out of 8000000 for 9000
 1141 hyphenation exceptions out of 8191
 57i,6n,65p,1175b,296s stack positions out of 10000i,1000n,20000p,200000b,200000s
</usr/local/texlive/2025/texmf-dist/fonts/type1/public/amsfonts/cm/cmmi10.pfb
></usr/local/texlive/2025/texmf-dist/fonts/type1/public/amsfonts/cm/cmr7.pfb></
usr/local/texlive/2025/texmf-dist/fonts/type1/public/amsfonts/cm/cmsy10.pfb></u
sr/local/texlive/2025/texmf-dist/fonts/type1/public/amsfonts/cm/cmsy7.pfb></usr
/local/texlive/2025/texmf-dist/fonts/type1/public/amsfonts/symbols/msbm10.pfb><
/usr/local/texlive/2025/texmf-dist/fonts/type1/urw/courier/ucrr8a.pfb></usr/loc
al/texlive/2025/texmf-dist/fonts/type1/urw/times/utmb8a.pfb></usr/local/texlive
/2025/texmf-dist/fonts/type1/urw/times/utmr8a.pfb></usr/local/texlive/2025/texm
f-dist/fonts/type1/urw/times/utmri8a.pfb>
Output written on cogni_map_workshop.pdf (8 pages, 3885492 bytes).
PDF statistics:
 88 PDF objects out of 1000 (max. 8388607)
 49 compressed objects within 1 object stream
 0 named destinations out of 1000 (max. 500000)
 26 words of extra memory for PDF output out of 10000 (max. 10000000)

